Command: vcs -sverilog -ntb_opts uvm-1.1 +plusarg_save -timescale=1ns/1ns rtl.sv \
top.sv interface.sv -l comp_dbg.log -debug_all -o simv_dbg -Mdir=csrc_dbg
                         Chronologic VCS (TM)
         Version L-2016.06_Full64 -- Thu Jul  7 17:33:12 2022
               Copyright (c) 1991-2016 by Synopsys Inc.
                         ALL RIGHTS RESERVED

This program is proprietary and confidential information of Synopsys Inc.
and may be used and disclosed only as authorized in a license agreement
controlling such use and disclosure.

Parsing design file '/usr/synopsys/vcs-L-2016.06//etc/uvm-1.1/uvm_pkg.sv'
Parsing included file '/usr/synopsys/vcs-L-2016.06//etc/uvm-1.1/uvm_macros.svh'.
Parsing included file '/usr/synopsys/vcs-L-2016.06//etc/uvm-1.1/macros/uvm_version_defines.svh'.
Back to file '/usr/synopsys/vcs-L-2016.06//etc/uvm-1.1/uvm_macros.svh'.
Parsing included file '/usr/synopsys/vcs-L-2016.06//etc/uvm-1.1/macros/uvm_message_defines.svh'.
Back to file '/usr/synopsys/vcs-L-2016.06//etc/uvm-1.1/uvm_macros.svh'.
Parsing included file '/usr/synopsys/vcs-L-2016.06//etc/uvm-1.1/macros/uvm_phase_defines.svh'.
Back to file '/usr/synopsys/vcs-L-2016.06//etc/uvm-1.1/uvm_macros.svh'.
Parsing included file '/usr/synopsys/vcs-L-2016.06//etc/uvm-1.1/macros/uvm_object_defines.svh'.
Back to file '/usr/synopsys/vcs-L-2016.06//etc/uvm-1.1/uvm_macros.svh'.
Parsing included file '/usr/synopsys/vcs-L-2016.06//etc/uvm-1.1/macros/uvm_printer_defines.svh'.
Back to file '/usr/synopsys/vcs-L-2016.06//etc/uvm-1.1/uvm_macros.svh'.
Parsing included file '/usr/synopsys/vcs-L-2016.06//etc/uvm-1.1/macros/uvm_tlm_defines.svh'.
Parsing included file '/usr/synopsys/vcs-L-2016.06//etc/uvm-1.1/tlm1/uvm_tlm_imps.svh'.
Back to file '/usr/synopsys/vcs-L-2016.06//etc/uvm-1.1/macros/uvm_tlm_defines.svh'.
Back to file '/usr/synopsys/vcs-L-2016.06//etc/uvm-1.1/uvm_macros.svh'.
Parsing included file '/usr/synopsys/vcs-L-2016.06//etc/uvm-1.1/macros/uvm_sequence_defines.svh'.
Back to file '/usr/synopsys/vcs-L-2016.06//etc/uvm-1.1/uvm_macros.svh'.
Parsing included file '/usr/synopsys/vcs-L-2016.06//etc/uvm-1.1/macros/uvm_callback_defines.svh'.
Back to file '/usr/synopsys/vcs-L-2016.06//etc/uvm-1.1/uvm_macros.svh'.
Parsing included file '/usr/synopsys/vcs-L-2016.06//etc/uvm-1.1/macros/uvm_reg_defines.svh'.
Back to file '/usr/synopsys/vcs-L-2016.06//etc/uvm-1.1/uvm_macros.svh'.
Parsing included file '/usr/synopsys/vcs-L-2016.06//etc/uvm-1.1/macros/uvm_deprecated_defines.svh'.
Back to file '/usr/synopsys/vcs-L-2016.06//etc/uvm-1.1/uvm_macros.svh'.
Back to file '/usr/synopsys/vcs-L-2016.06//etc/uvm-1.1/uvm_pkg.sv'.
Parsing included file '/usr/synopsys/vcs-L-2016.06//etc/uvm-1.1/directc/uvm_directc.svh'.
Parsing included file '/usr/synopsys/vcs-L-2016.06//etc/uvm-1.1/directc/uvm_seed.vh'.
Back to file '/usr/synopsys/vcs-L-2016.06//etc/uvm-1.1/directc/uvm_directc.svh'.
Back to file '/usr/synopsys/vcs-L-2016.06//etc/uvm-1.1/uvm_pkg.sv'.
Parsing included file '/usr/synopsys/vcs-L-2016.06//etc/uvm-1.1/dpi/uvm_dpi.svh'.
Parsing included file '/usr/synopsys/vcs-L-2016.06//etc/uvm-1.1/dpi/uvm_hdl.svh'.
Back to file '/usr/synopsys/vcs-L-2016.06//etc/uvm-1.1/dpi/uvm_dpi.svh'.
Parsing included file '/usr/synopsys/vcs-L-2016.06//etc/uvm-1.1/dpi/uvm_svcmd_dpi.svh'.
Back to file '/usr/synopsys/vcs-L-2016.06//etc/uvm-1.1/dpi/uvm_dpi.svh'.
Parsing included file '/usr/synopsys/vcs-L-2016.06//etc/uvm-1.1/dpi/uvm_regex.svh'.
Back to file '/usr/synopsys/vcs-L-2016.06//etc/uvm-1.1/dpi/uvm_dpi.svh'.
Back to file '/usr/synopsys/vcs-L-2016.06//etc/uvm-1.1/uvm_pkg.sv'.
Parsing included file '/usr/synopsys/vcs-L-2016.06//etc/uvm-1.1/base/uvm_base.svh'.
Parsing included file '/usr/synopsys/vcs-L-2016.06//etc/uvm-1.1/base/uvm_version.svh'.
Back to file '/usr/synopsys/vcs-L-2016.06//etc/uvm-1.1/base/uvm_base.svh'.
Parsing included file '/usr/synopsys/vcs-L-2016.06//etc/uvm-1.1/base/uvm_object_globals.svh'.
Back to file '/usr/synopsys/vcs-L-2016.06//etc/uvm-1.1/base/uvm_base.svh'.
Parsing included file '/usr/synopsys/vcs-L-2016.06//etc/uvm-1.1/base/uvm_misc.svh'.
Back to file '/usr/synopsys/vcs-L-2016.06//etc/uvm-1.1/base/uvm_base.svh'.
Parsing included file '/usr/synopsys/vcs-L-2016.06//etc/uvm-1.1/base/uvm_object.svh'.
Back to file '/usr/synopsys/vcs-L-2016.06//etc/uvm-1.1/base/uvm_base.svh'.
Parsing included file '/usr/synopsys/vcs-L-2016.06//etc/uvm-1.1/base/uvm_pool.svh'.
Back to file '/usr/synopsys/vcs-L-2016.06//etc/uvm-1.1/base/uvm_base.svh'.
Parsing included file '/usr/synopsys/vcs-L-2016.06//etc/uvm-1.1/base/uvm_queue.svh'.
Back to file '/usr/synopsys/vcs-L-2016.06//etc/uvm-1.1/base/uvm_base.svh'.
Parsing included file '/usr/synopsys/vcs-L-2016.06//etc/uvm-1.1/base/uvm_factory.svh'.
Back to file '/usr/synopsys/vcs-L-2016.06//etc/uvm-1.1/base/uvm_base.svh'.
Parsing included file '/usr/synopsys/vcs-L-2016.06//etc/uvm-1.1/base/uvm_registry.svh'.
Back to file '/usr/synopsys/vcs-L-2016.06//etc/uvm-1.1/base/uvm_base.svh'.
Parsing included file '/usr/synopsys/vcs-L-2016.06//etc/uvm-1.1/base/uvm_spell_chkr.svh'.
Back to file '/usr/synopsys/vcs-L-2016.06//etc/uvm-1.1/base/uvm_base.svh'.
Parsing included file '/usr/synopsys/vcs-L-2016.06//etc/uvm-1.1/base/uvm_resource.svh'.
Back to file '/usr/synopsys/vcs-L-2016.06//etc/uvm-1.1/base/uvm_base.svh'.
Parsing included file '/usr/synopsys/vcs-L-2016.06//etc/uvm-1.1/deprecated/uvm_resource_converter.svh'.
Back to file '/usr/synopsys/vcs-L-2016.06//etc/uvm-1.1/base/uvm_base.svh'.
Parsing included file '/usr/synopsys/vcs-L-2016.06//etc/uvm-1.1/base/uvm_resource_specializations.svh'.
Back to file '/usr/synopsys/vcs-L-2016.06//etc/uvm-1.1/base/uvm_base.svh'.
Parsing included file '/usr/synopsys/vcs-L-2016.06//etc/uvm-1.1/base/uvm_resource_db.svh'.
Back to file '/usr/synopsys/vcs-L-2016.06//etc/uvm-1.1/base/uvm_base.svh'.
Parsing included file '/usr/synopsys/vcs-L-2016.06//etc/uvm-1.1/base/uvm_config_db.svh'.
Back to file '/usr/synopsys/vcs-L-2016.06//etc/uvm-1.1/base/uvm_base.svh'.
Parsing included file '/usr/synopsys/vcs-L-2016.06//etc/uvm-1.1/base/uvm_printer.svh'.
Back to file '/usr/synopsys/vcs-L-2016.06//etc/uvm-1.1/base/uvm_base.svh'.
Parsing included file '/usr/synopsys/vcs-L-2016.06//etc/uvm-1.1/base/uvm_comparer.svh'.
Back to file '/usr/synopsys/vcs-L-2016.06//etc/uvm-1.1/base/uvm_base.svh'.
Parsing included file '/usr/synopsys/vcs-L-2016.06//etc/uvm-1.1/base/uvm_packer.svh'.
Back to file '/usr/synopsys/vcs-L-2016.06//etc/uvm-1.1/base/uvm_base.svh'.
Parsing included file '/usr/synopsys/vcs-L-2016.06//etc/uvm-1.1/base/uvm_recorder.svh'.
Back to file '/usr/synopsys/vcs-L-2016.06//etc/uvm-1.1/base/uvm_base.svh'.
Parsing included file '/usr/synopsys/vcs-L-2016.06//etc/uvm-1.1/base/uvm_event_callback.svh'.
Back to file '/usr/synopsys/vcs-L-2016.06//etc/uvm-1.1/base/uvm_base.svh'.
Parsing included file '/usr/synopsys/vcs-L-2016.06//etc/uvm-1.1/base/uvm_event.svh'.
Back to file '/usr/synopsys/vcs-L-2016.06//etc/uvm-1.1/base/uvm_base.svh'.
Parsing included file '/usr/synopsys/vcs-L-2016.06//etc/uvm-1.1/base/uvm_barrier.svh'.
Back to file '/usr/synopsys/vcs-L-2016.06//etc/uvm-1.1/base/uvm_base.svh'.
Parsing included file '/usr/synopsys/vcs-L-2016.06//etc/uvm-1.1/base/uvm_callback.svh'.
Parsing included file '/usr/synopsys/vcs-L-2016.06//etc/uvm-1.1/uvm_macros.svh'.
Back to file '/usr/synopsys/vcs-L-2016.06//etc/uvm-1.1/base/uvm_callback.svh'.
Back to file '/usr/synopsys/vcs-L-2016.06//etc/uvm-1.1/base/uvm_base.svh'.
Parsing included file '/usr/synopsys/vcs-L-2016.06//etc/uvm-1.1/base/uvm_report_catcher.svh'.
Back to file '/usr/synopsys/vcs-L-2016.06//etc/uvm-1.1/base/uvm_base.svh'.
Parsing included file '/usr/synopsys/vcs-L-2016.06//etc/uvm-1.1/base/uvm_report_server.svh'.
Back to file '/usr/synopsys/vcs-L-2016.06//etc/uvm-1.1/base/uvm_base.svh'.
Parsing included file '/usr/synopsys/vcs-L-2016.06//etc/uvm-1.1/base/uvm_report_handler.svh'.
Back to file '/usr/synopsys/vcs-L-2016.06//etc/uvm-1.1/base/uvm_base.svh'.
Parsing included file '/usr/synopsys/vcs-L-2016.06//etc/uvm-1.1/base/uvm_report_object.svh'.
Back to file '/usr/synopsys/vcs-L-2016.06//etc/uvm-1.1/base/uvm_base.svh'.
Parsing included file '/usr/synopsys/vcs-L-2016.06//etc/uvm-1.1/base/uvm_transaction.svh'.
Back to file '/usr/synopsys/vcs-L-2016.06//etc/uvm-1.1/base/uvm_base.svh'.
Parsing included file '/usr/synopsys/vcs-L-2016.06//etc/uvm-1.1/base/uvm_phase.svh'.
Back to file '/usr/synopsys/vcs-L-2016.06//etc/uvm-1.1/base/uvm_base.svh'.
Parsing included file '/usr/synopsys/vcs-L-2016.06//etc/uvm-1.1/base/uvm_domain.svh'.
Back to file '/usr/synopsys/vcs-L-2016.06//etc/uvm-1.1/base/uvm_base.svh'.
Parsing included file '/usr/synopsys/vcs-L-2016.06//etc/uvm-1.1/base/uvm_bottomup_phase.svh'.
Back to file '/usr/synopsys/vcs-L-2016.06//etc/uvm-1.1/base/uvm_base.svh'.
Parsing included file '/usr/synopsys/vcs-L-2016.06//etc/uvm-1.1/base/uvm_topdown_phase.svh'.
Back to file '/usr/synopsys/vcs-L-2016.06//etc/uvm-1.1/base/uvm_base.svh'.
Parsing included file '/usr/synopsys/vcs-L-2016.06//etc/uvm-1.1/base/uvm_task_phase.svh'.
Back to file '/usr/synopsys/vcs-L-2016.06//etc/uvm-1.1/base/uvm_base.svh'.
Parsing included file '/usr/synopsys/vcs-L-2016.06//etc/uvm-1.1/base/uvm_common_phases.svh'.
Back to file '/usr/synopsys/vcs-L-2016.06//etc/uvm-1.1/base/uvm_base.svh'.
Parsing included file '/usr/synopsys/vcs-L-2016.06//etc/uvm-1.1/base/uvm_runtime_phases.svh'.
Back to file '/usr/synopsys/vcs-L-2016.06//etc/uvm-1.1/base/uvm_base.svh'.
Parsing included file '/usr/synopsys/vcs-L-2016.06//etc/uvm-1.1/base/uvm_component.svh'.
Parsing included file '/usr/synopsys/vcs-L-2016.06//etc/uvm-1.1/base/uvm_root.svh'.
Back to file '/usr/synopsys/vcs-L-2016.06//etc/uvm-1.1/base/uvm_component.svh'.
Back to file '/usr/synopsys/vcs-L-2016.06//etc/uvm-1.1/base/uvm_base.svh'.
Parsing included file '/usr/synopsys/vcs-L-2016.06//etc/uvm-1.1/base/uvm_objection.svh'.
Back to file '/usr/synopsys/vcs-L-2016.06//etc/uvm-1.1/base/uvm_base.svh'.
Parsing included file '/usr/synopsys/vcs-L-2016.06//etc/uvm-1.1/base/uvm_heartbeat.svh'.
Back to file '/usr/synopsys/vcs-L-2016.06//etc/uvm-1.1/base/uvm_base.svh'.
Parsing included file '/usr/synopsys/vcs-L-2016.06//etc/uvm-1.1/base/uvm_globals.svh'.
Back to file '/usr/synopsys/vcs-L-2016.06//etc/uvm-1.1/base/uvm_base.svh'.
Parsing included file '/usr/synopsys/vcs-L-2016.06//etc/uvm-1.1/base/uvm_cmdline_processor.svh'.
Back to file '/usr/synopsys/vcs-L-2016.06//etc/uvm-1.1/base/uvm_base.svh'.
Back to file '/usr/synopsys/vcs-L-2016.06//etc/uvm-1.1/uvm_pkg.sv'.
Parsing included file '/usr/synopsys/vcs-L-2016.06//etc/uvm-1.1/tlm1/uvm_tlm.svh'.
Parsing included file '/usr/synopsys/vcs-L-2016.06//etc/uvm-1.1/tlm1/uvm_tlm_ifs.svh'.
Back to file '/usr/synopsys/vcs-L-2016.06//etc/uvm-1.1/tlm1/uvm_tlm.svh'.
Parsing included file '/usr/synopsys/vcs-L-2016.06//etc/uvm-1.1/tlm1/uvm_sqr_ifs.svh'.
Back to file '/usr/synopsys/vcs-L-2016.06//etc/uvm-1.1/tlm1/uvm_tlm.svh'.
Parsing included file '/usr/synopsys/vcs-L-2016.06//etc/uvm-1.1/base/uvm_port_base.svh'.
Back to file '/usr/synopsys/vcs-L-2016.06//etc/uvm-1.1/tlm1/uvm_tlm.svh'.
Parsing included file '/usr/synopsys/vcs-L-2016.06//etc/uvm-1.1/tlm1/uvm_tlm_imps.svh'.
Back to file '/usr/synopsys/vcs-L-2016.06//etc/uvm-1.1/tlm1/uvm_tlm.svh'.
Parsing included file '/usr/synopsys/vcs-L-2016.06//etc/uvm-1.1/tlm1/uvm_imps.svh'.
Back to file '/usr/synopsys/vcs-L-2016.06//etc/uvm-1.1/tlm1/uvm_tlm.svh'.
Parsing included file '/usr/synopsys/vcs-L-2016.06//etc/uvm-1.1/tlm1/uvm_ports.svh'.
Back to file '/usr/synopsys/vcs-L-2016.06//etc/uvm-1.1/tlm1/uvm_tlm.svh'.
Parsing included file '/usr/synopsys/vcs-L-2016.06//etc/uvm-1.1/tlm1/uvm_exports.svh'.
Back to file '/usr/synopsys/vcs-L-2016.06//etc/uvm-1.1/tlm1/uvm_tlm.svh'.
Parsing included file '/usr/synopsys/vcs-L-2016.06//etc/uvm-1.1/tlm1/uvm_analysis_port.svh'.
Back to file '/usr/synopsys/vcs-L-2016.06//etc/uvm-1.1/tlm1/uvm_tlm.svh'.
Parsing included file '/usr/synopsys/vcs-L-2016.06//etc/uvm-1.1/tlm1/uvm_tlm_fifo_base.svh'.
Back to file '/usr/synopsys/vcs-L-2016.06//etc/uvm-1.1/tlm1/uvm_tlm.svh'.
Parsing included file '/usr/synopsys/vcs-L-2016.06//etc/uvm-1.1/tlm1/uvm_tlm_fifos.svh'.
Back to file '/usr/synopsys/vcs-L-2016.06//etc/uvm-1.1/tlm1/uvm_tlm.svh'.
Parsing included file '/usr/synopsys/vcs-L-2016.06//etc/uvm-1.1/tlm1/uvm_tlm_req_rsp.svh'.
Back to file '/usr/synopsys/vcs-L-2016.06//etc/uvm-1.1/tlm1/uvm_tlm.svh'.
Parsing included file '/usr/synopsys/vcs-L-2016.06//etc/uvm-1.1/tlm1/uvm_sqr_connections.svh'.
Back to file '/usr/synopsys/vcs-L-2016.06//etc/uvm-1.1/tlm1/uvm_tlm.svh'.
Back to file '/usr/synopsys/vcs-L-2016.06//etc/uvm-1.1/uvm_pkg.sv'.
Parsing included file '/usr/synopsys/vcs-L-2016.06//etc/uvm-1.1/comps/uvm_comps.svh'.
Parsing included file '/usr/synopsys/vcs-L-2016.06//etc/uvm-1.1/comps/uvm_pair.svh'.
Back to file '/usr/synopsys/vcs-L-2016.06//etc/uvm-1.1/comps/uvm_comps.svh'.
Parsing included file '/usr/synopsys/vcs-L-2016.06//etc/uvm-1.1/comps/uvm_policies.svh'.
Back to file '/usr/synopsys/vcs-L-2016.06//etc/uvm-1.1/comps/uvm_comps.svh'.
Parsing included file '/usr/synopsys/vcs-L-2016.06//etc/uvm-1.1/comps/uvm_in_order_comparator.svh'.
Back to file '/usr/synopsys/vcs-L-2016.06//etc/uvm-1.1/comps/uvm_comps.svh'.
Parsing included file '/usr/synopsys/vcs-L-2016.06//etc/uvm-1.1/comps/uvm_algorithmic_comparator.svh'.
Back to file '/usr/synopsys/vcs-L-2016.06//etc/uvm-1.1/comps/uvm_comps.svh'.
Parsing included file '/usr/synopsys/vcs-L-2016.06//etc/uvm-1.1/comps/uvm_random_stimulus.svh'.
Back to file '/usr/synopsys/vcs-L-2016.06//etc/uvm-1.1/comps/uvm_comps.svh'.
Parsing included file '/usr/synopsys/vcs-L-2016.06//etc/uvm-1.1/comps/uvm_subscriber.svh'.
Back to file '/usr/synopsys/vcs-L-2016.06//etc/uvm-1.1/comps/uvm_comps.svh'.
Parsing included file '/usr/synopsys/vcs-L-2016.06//etc/uvm-1.1/comps/uvm_monitor.svh'.
Back to file '/usr/synopsys/vcs-L-2016.06//etc/uvm-1.1/comps/uvm_comps.svh'.
Parsing included file '/usr/synopsys/vcs-L-2016.06//etc/uvm-1.1/comps/uvm_driver.svh'.
Back to file '/usr/synopsys/vcs-L-2016.06//etc/uvm-1.1/comps/uvm_comps.svh'.
Parsing included file '/usr/synopsys/vcs-L-2016.06//etc/uvm-1.1/comps/uvm_push_driver.svh'.
Back to file '/usr/synopsys/vcs-L-2016.06//etc/uvm-1.1/comps/uvm_comps.svh'.
Parsing included file '/usr/synopsys/vcs-L-2016.06//etc/uvm-1.1/comps/uvm_scoreboard.svh'.
Back to file '/usr/synopsys/vcs-L-2016.06//etc/uvm-1.1/comps/uvm_comps.svh'.
Parsing included file '/usr/synopsys/vcs-L-2016.06//etc/uvm-1.1/comps/uvm_agent.svh'.
Back to file '/usr/synopsys/vcs-L-2016.06//etc/uvm-1.1/comps/uvm_comps.svh'.
Parsing included file '/usr/synopsys/vcs-L-2016.06//etc/uvm-1.1/comps/uvm_env.svh'.
Back to file '/usr/synopsys/vcs-L-2016.06//etc/uvm-1.1/comps/uvm_comps.svh'.
Parsing included file '/usr/synopsys/vcs-L-2016.06//etc/uvm-1.1/comps/uvm_test.svh'.
Back to file '/usr/synopsys/vcs-L-2016.06//etc/uvm-1.1/comps/uvm_comps.svh'.
Back to file '/usr/synopsys/vcs-L-2016.06//etc/uvm-1.1/uvm_pkg.sv'.
Parsing included file '/usr/synopsys/vcs-L-2016.06//etc/uvm-1.1/seq/uvm_seq.svh'.
Parsing included file '/usr/synopsys/vcs-L-2016.06//etc/uvm-1.1/seq/uvm_sequence_item.svh'.
Back to file '/usr/synopsys/vcs-L-2016.06//etc/uvm-1.1/seq/uvm_seq.svh'.
Parsing included file '/usr/synopsys/vcs-L-2016.06//etc/uvm-1.1/seq/uvm_sequencer_base.svh'.
Back to file '/usr/synopsys/vcs-L-2016.06//etc/uvm-1.1/seq/uvm_seq.svh'.
Parsing included file '/usr/synopsys/vcs-L-2016.06//etc/uvm-1.1/seq/uvm_sequencer_analysis_fifo.svh'.
Back to file '/usr/synopsys/vcs-L-2016.06//etc/uvm-1.1/seq/uvm_seq.svh'.
Parsing included file '/usr/synopsys/vcs-L-2016.06//etc/uvm-1.1/seq/uvm_sequencer_param_base.svh'.
Back to file '/usr/synopsys/vcs-L-2016.06//etc/uvm-1.1/seq/uvm_seq.svh'.
Parsing included file '/usr/synopsys/vcs-L-2016.06//etc/uvm-1.1/seq/uvm_sequencer.svh'.
Back to file '/usr/synopsys/vcs-L-2016.06//etc/uvm-1.1/seq/uvm_seq.svh'.
Parsing included file '/usr/synopsys/vcs-L-2016.06//etc/uvm-1.1/seq/uvm_push_sequencer.svh'.
Back to file '/usr/synopsys/vcs-L-2016.06//etc/uvm-1.1/seq/uvm_seq.svh'.
Parsing included file '/usr/synopsys/vcs-L-2016.06//etc/uvm-1.1/seq/uvm_sequence_base.svh'.
Back to file '/usr/synopsys/vcs-L-2016.06//etc/uvm-1.1/seq/uvm_seq.svh'.
Parsing included file '/usr/synopsys/vcs-L-2016.06//etc/uvm-1.1/seq/uvm_sequence.svh'.
Back to file '/usr/synopsys/vcs-L-2016.06//etc/uvm-1.1/seq/uvm_seq.svh'.
Parsing included file '/usr/synopsys/vcs-L-2016.06//etc/uvm-1.1/seq/uvm_sequence_library.svh'.
Back to file '/usr/synopsys/vcs-L-2016.06//etc/uvm-1.1/seq/uvm_seq.svh'.
Parsing included file '/usr/synopsys/vcs-L-2016.06//etc/uvm-1.1/seq/uvm_sequence_builtin.svh'.
Back to file '/usr/synopsys/vcs-L-2016.06//etc/uvm-1.1/seq/uvm_seq.svh'.
Back to file '/usr/synopsys/vcs-L-2016.06//etc/uvm-1.1/uvm_pkg.sv'.
Parsing included file '/usr/synopsys/vcs-L-2016.06//etc/uvm-1.1/tlm2/uvm_tlm2.svh'.
Parsing included file '/usr/synopsys/vcs-L-2016.06//etc/uvm-1.1/tlm2/uvm_tlm2_defines.svh'.
Back to file '/usr/synopsys/vcs-L-2016.06//etc/uvm-1.1/tlm2/uvm_tlm2.svh'.
Parsing included file '/usr/synopsys/vcs-L-2016.06//etc/uvm-1.1/tlm2/uvm_tlm2_time.svh'.
Back to file '/usr/synopsys/vcs-L-2016.06//etc/uvm-1.1/tlm2/uvm_tlm2.svh'.
Parsing included file '/usr/synopsys/vcs-L-2016.06//etc/uvm-1.1/tlm2/uvm_tlm2_generic_payload.svh'.
Back to file '/usr/synopsys/vcs-L-2016.06//etc/uvm-1.1/tlm2/uvm_tlm2.svh'.
Parsing included file '/usr/synopsys/vcs-L-2016.06//etc/uvm-1.1/tlm2/uvm_tlm2_ifs.svh'.
Back to file '/usr/synopsys/vcs-L-2016.06//etc/uvm-1.1/tlm2/uvm_tlm2.svh'.
Parsing included file '/usr/synopsys/vcs-L-2016.06//etc/uvm-1.1/tlm2/uvm_tlm2_imps.svh'.
Back to file '/usr/synopsys/vcs-L-2016.06//etc/uvm-1.1/tlm2/uvm_tlm2.svh'.
Parsing included file '/usr/synopsys/vcs-L-2016.06//etc/uvm-1.1/tlm2/uvm_tlm2_ports.svh'.
Back to file '/usr/synopsys/vcs-L-2016.06//etc/uvm-1.1/tlm2/uvm_tlm2.svh'.
Parsing included file '/usr/synopsys/vcs-L-2016.06//etc/uvm-1.1/tlm2/uvm_tlm2_exports.svh'.
Back to file '/usr/synopsys/vcs-L-2016.06//etc/uvm-1.1/tlm2/uvm_tlm2.svh'.
Parsing included file '/usr/synopsys/vcs-L-2016.06//etc/uvm-1.1/tlm2/uvm_tlm2_sockets_base.svh'.
Back to file '/usr/synopsys/vcs-L-2016.06//etc/uvm-1.1/tlm2/uvm_tlm2.svh'.
Parsing included file '/usr/synopsys/vcs-L-2016.06//etc/uvm-1.1/tlm2/uvm_tlm2_sockets.svh'.
Back to file '/usr/synopsys/vcs-L-2016.06//etc/uvm-1.1/tlm2/uvm_tlm2.svh'.
Back to file '/usr/synopsys/vcs-L-2016.06//etc/uvm-1.1/uvm_pkg.sv'.
Parsing included file '/usr/synopsys/vcs-L-2016.06//etc/uvm-1.1/reg/uvm_reg_model.svh'.
Parsing included file '/usr/synopsys/vcs-L-2016.06//etc/uvm-1.1/reg/uvm_reg_item.svh'.
Back to file '/usr/synopsys/vcs-L-2016.06//etc/uvm-1.1/reg/uvm_reg_model.svh'.
Parsing included file '/usr/synopsys/vcs-L-2016.06//etc/uvm-1.1/reg/uvm_reg_adapter.svh'.
Back to file '/usr/synopsys/vcs-L-2016.06//etc/uvm-1.1/reg/uvm_reg_model.svh'.
Parsing included file '/usr/synopsys/vcs-L-2016.06//etc/uvm-1.1/reg/uvm_reg_predictor.svh'.
Back to file '/usr/synopsys/vcs-L-2016.06//etc/uvm-1.1/reg/uvm_reg_model.svh'.
Parsing included file '/usr/synopsys/vcs-L-2016.06//etc/uvm-1.1/reg/uvm_reg_sequence.svh'.
Back to file '/usr/synopsys/vcs-L-2016.06//etc/uvm-1.1/reg/uvm_reg_model.svh'.
Parsing included file '/usr/synopsys/vcs-L-2016.06//etc/uvm-1.1/reg/uvm_reg_cbs.svh'.
Back to file '/usr/synopsys/vcs-L-2016.06//etc/uvm-1.1/reg/uvm_reg_model.svh'.
Parsing included file '/usr/synopsys/vcs-L-2016.06//etc/uvm-1.1/reg/uvm_reg_backdoor.svh'.
Back to file '/usr/synopsys/vcs-L-2016.06//etc/uvm-1.1/reg/uvm_reg_model.svh'.
Parsing included file '/usr/synopsys/vcs-L-2016.06//etc/uvm-1.1/reg/uvm_reg_field.svh'.
Back to file '/usr/synopsys/vcs-L-2016.06//etc/uvm-1.1/reg/uvm_reg_model.svh'.
Parsing included file '/usr/synopsys/vcs-L-2016.06//etc/uvm-1.1/reg/uvm_vreg_field.svh'.
Back to file '/usr/synopsys/vcs-L-2016.06//etc/uvm-1.1/reg/uvm_reg_model.svh'.
Parsing included file '/usr/synopsys/vcs-L-2016.06//etc/uvm-1.1/reg/uvm_reg.svh'.
Back to file '/usr/synopsys/vcs-L-2016.06//etc/uvm-1.1/reg/uvm_reg_model.svh'.
Parsing included file '/usr/synopsys/vcs-L-2016.06//etc/uvm-1.1/reg/uvm_reg_indirect.svh'.
Back to file '/usr/synopsys/vcs-L-2016.06//etc/uvm-1.1/reg/uvm_reg_model.svh'.
Parsing included file '/usr/synopsys/vcs-L-2016.06//etc/uvm-1.1/reg/uvm_reg_fifo.svh'.
Back to file '/usr/synopsys/vcs-L-2016.06//etc/uvm-1.1/reg/uvm_reg_model.svh'.
Parsing included file '/usr/synopsys/vcs-L-2016.06//etc/uvm-1.1/reg/uvm_reg_file.svh'.
Back to file '/usr/synopsys/vcs-L-2016.06//etc/uvm-1.1/reg/uvm_reg_model.svh'.
Parsing included file '/usr/synopsys/vcs-L-2016.06//etc/uvm-1.1/reg/uvm_mem_mam.svh'.
Back to file '/usr/synopsys/vcs-L-2016.06//etc/uvm-1.1/reg/uvm_reg_model.svh'.
Parsing included file '/usr/synopsys/vcs-L-2016.06//etc/uvm-1.1/reg/uvm_vreg.svh'.
Back to file '/usr/synopsys/vcs-L-2016.06//etc/uvm-1.1/reg/uvm_reg_model.svh'.
Parsing included file '/usr/synopsys/vcs-L-2016.06//etc/uvm-1.1/reg/uvm_mem.svh'.
Back to file '/usr/synopsys/vcs-L-2016.06//etc/uvm-1.1/reg/uvm_reg_model.svh'.
Parsing included file '/usr/synopsys/vcs-L-2016.06//etc/uvm-1.1/reg/uvm_reg_map.svh'.
Back to file '/usr/synopsys/vcs-L-2016.06//etc/uvm-1.1/reg/uvm_reg_model.svh'.
Parsing included file '/usr/synopsys/vcs-L-2016.06//etc/uvm-1.1/reg/uvm_reg_block.svh'.
Back to file '/usr/synopsys/vcs-L-2016.06//etc/uvm-1.1/reg/uvm_reg_model.svh'.
Parsing included file '/usr/synopsys/vcs-L-2016.06//etc/uvm-1.1/reg/sequences/uvm_reg_hw_reset_seq.svh'.
Back to file '/usr/synopsys/vcs-L-2016.06//etc/uvm-1.1/reg/uvm_reg_model.svh'.
Parsing included file '/usr/synopsys/vcs-L-2016.06//etc/uvm-1.1/reg/sequences/uvm_reg_bit_bash_seq.svh'.
Back to file '/usr/synopsys/vcs-L-2016.06//etc/uvm-1.1/reg/uvm_reg_model.svh'.
Parsing included file '/usr/synopsys/vcs-L-2016.06//etc/uvm-1.1/reg/sequences/uvm_mem_walk_seq.svh'.
Back to file '/usr/synopsys/vcs-L-2016.06//etc/uvm-1.1/reg/uvm_reg_model.svh'.
Parsing included file '/usr/synopsys/vcs-L-2016.06//etc/uvm-1.1/reg/sequences/uvm_mem_access_seq.svh'.
Back to file '/usr/synopsys/vcs-L-2016.06//etc/uvm-1.1/reg/uvm_reg_model.svh'.
Parsing included file '/usr/synopsys/vcs-L-2016.06//etc/uvm-1.1/reg/sequences/uvm_reg_access_seq.svh'.
Back to file '/usr/synopsys/vcs-L-2016.06//etc/uvm-1.1/reg/uvm_reg_model.svh'.
Parsing included file '/usr/synopsys/vcs-L-2016.06//etc/uvm-1.1/reg/sequences/uvm_reg_mem_shared_access_seq.svh'.
Back to file '/usr/synopsys/vcs-L-2016.06//etc/uvm-1.1/reg/uvm_reg_model.svh'.
Parsing included file '/usr/synopsys/vcs-L-2016.06//etc/uvm-1.1/reg/sequences/uvm_reg_mem_built_in_seq.svh'.
Back to file '/usr/synopsys/vcs-L-2016.06//etc/uvm-1.1/reg/uvm_reg_model.svh'.
Parsing included file '/usr/synopsys/vcs-L-2016.06//etc/uvm-1.1/reg/sequences/uvm_reg_mem_hdl_paths_seq.svh'.
Back to file '/usr/synopsys/vcs-L-2016.06//etc/uvm-1.1/reg/uvm_reg_model.svh'.
Parsing included file '/usr/synopsys/vcs-L-2016.06//etc/uvm-1.1/reg/snps_uvm_reg_bank.svh'.
Back to file '/usr/synopsys/vcs-L-2016.06//etc/uvm-1.1/reg/uvm_reg_model.svh'.
Back to file '/usr/synopsys/vcs-L-2016.06//etc/uvm-1.1/uvm_pkg.sv'.
Parsing design file '/usr/synopsys/vcs-L-2016.06//etc/uvm-1.1/vcs/uvm_custom_install_vcs_recorder.sv'
Parsing included file '/usr/synopsys/vcs-L-2016.06//etc/uvm-1.1/vcs/msglog.svh'.
Back to file '/usr/synopsys/vcs-L-2016.06//etc/uvm-1.1/vcs/uvm_custom_install_vcs_recorder.sv'.
Parsing included file '/usr/synopsys/vcs-L-2016.06//etc/uvm-1.1/vcs/uvm_msglog_report_server.sv'.
Back to file '/usr/synopsys/vcs-L-2016.06//etc/uvm-1.1/vcs/uvm_custom_install_vcs_recorder.sv'.
Parsing included file '/usr/synopsys/vcs-L-2016.06//etc/uvm-1.1/vcs/uvm_vcs_recorder.svh'.
Back to file '/usr/synopsys/vcs-L-2016.06//etc/uvm-1.1/vcs/uvm_custom_install_vcs_recorder.sv'.
Parsing included file '/usr/synopsys/vcs-L-2016.06//etc/uvm-1.1/vcs/uvm_vcs_record_interface.sv'.
Back to file '/usr/synopsys/vcs-L-2016.06//etc/uvm-1.1/vcs/uvm_custom_install_vcs_recorder.sv'.
Parsing design file 'rtl.sv'
Parsing design file 'top.sv'

Note-[SV-LCM-PPWI] Package previously wildcard imported
top.sv, 8
$unit
  Package 'uvm_pkg' already wildcard imported. 
  Ignoring uvm_pkg::*
  See the System Verilog LRM(1800-2005), section 18.1.

Parsing design file 'interface.sv'
Top Level Modules:
       uvm_custom_install_recording
       top
TimeScale is 1 ns / 1 ns
Starting vcs inline pass...
11 unique modules to generate
11 modules and 0 UDP read. 
recompiling package vcs_paramclassrepository
recompiling package _vcs_unit__3988123883
recompiling package std
recompiling package uvm_pkg
recompiling package _vcs_msglog
recompiling module uvm_custom_install_recording
recompiling module switch
recompiling module top
recompiling module mem_interface
recompiling module input_interface
recompiling module output_interface
All of 11 modules done
make[1]: Entering directory '/root/workspace/UVM_Labs/lab1/code/csrc_dbg'
rm -f _csrc*.so pre_vcsobj_*.so share_vcsobj_*.so
g++ -w  -pipe -DVCS -fPIC -O -I/usr/synopsys/vcs-L-2016.06/include    -c /usr/synopsys/vcs-L-2016.06//etc/uvm-1.1/dpi/uvm_dpi.cc \

if [ -x ../simv_dbg ]; then chmod -x ../simv_dbg; fi
g++  -o ../simv_dbg   -Wl,-rpath-link=./ -Wl,-rpath='$ORIGIN'/simv_dbg.daidir/ -Wl,-rpath=./simv_dbg.daidir/ \
-Wl,-rpath='$ORIGIN'/simv_dbg.daidir//scsim.db.dir  -rdynamic  uvm_dpi.o   amcQwB.o \
objs/amcQw_d.o   _3474_archive_1.so  SIM_l.o      rmapats_mop.o rmapats.o rmar.o \
rmar_llvm_0_1.o rmar_llvm_0_0.o          /usr/synopsys/vcs-L-2016.06/linux64/lib/libzerosoft_rt_stubs.so \
/usr/synopsys/vcs-L-2016.06/linux64/lib/libvirsim.so /usr/synopsys/vcs-L-2016.06/linux64/lib/liberrorinf.so \
/usr/synopsys/vcs-L-2016.06/linux64/lib/libsnpsmalloc.so    /usr/synopsys/vcs-L-2016.06/linux64/lib/libvcsnew.so \
/usr/synopsys/vcs-L-2016.06/linux64/lib/libsimprofile.so /usr/synopsys/vcs-L-2016.06/linux64/lib/libuclinative.so \
-Wl,-whole-archive /usr/synopsys/vcs-L-2016.06/linux64/lib/libvcsucli.so -Wl,-no-whole-archive \
./../simv_dbg.daidir/vc_hdrs.o    /usr/synopsys/vcs-L-2016.06/linux64/lib/vcs_save_restore_new.o \
-ldl  -lc -lm -lpthread -ldl 
../simv_dbg up to date
make[1]: Leaving directory '/root/workspace/UVM_Labs/lab1/code/csrc_dbg'
CPU time: 4.751 seconds to compile + .172 seconds to elab + .287 seconds to link
